[debug] [2025-06-24T10:02:20.436Z] ----------------------------------------------------------------------
[debug] [2025-06-24T10:02:20.440Z] Command:       C:\Program Files\nodejs\node.exe C:\Users\DOWNLOAD\AppData\Roaming\npm\node_modules\firebase-tools\lib\bin\firebase.js init
[debug] [2025-06-24T10:02:20.441Z] CLI Version:   14.8.0
[debug] [2025-06-24T10:02:20.441Z] Platform:      win32
[debug] [2025-06-24T10:02:20.441Z] Node Version:  v22.12.0
[debug] [2025-06-24T10:02:20.442Z] Time:          Tue Jun 24 2025 15:32:20 GMT+0530 (India Standard Time)
[debug] [2025-06-24T10:02:20.442Z] ----------------------------------------------------------------------
[debug] 
[debug] [2025-06-24T10:02:20.452Z] > command requires scopes: ["email","openid","https://www.googleapis.com/auth/cloudplatformprojects.readonly","https://www.googleapis.com/auth/firebase","https://www.googleapis.com/auth/cloud-platform"]
[debug] [2025-06-24T10:02:20.453Z] > authorizing via signed-in user (dineshpriyantha200248@gmail.com)
[info] 
     ######## #### ########  ######## ########     ###     ######  ########
     ##        ##  ##     ## ##       ##     ##  ##   ##  ##       ##
     ######    ##  ########  ######   ########  #########  ######  ######
     ##        ##  ##    ##  ##       ##     ## ##     ##       ## ##
     ##       #### ##     ## ######## ########  ##     ##  ######  ########

You're about to initialize a Firebase project in this directory:

  D:\Indrustry\Intern-DetzGlobal\Projects\chatbot-role-based

[info] 
=== Project Setup
[info] 
[info] First, let's associate this project directory with a Firebase project.
[info] You can create multiple project aliases by running firebase use --add, 
[info] but for now we'll just set up a default project.
[info] 
[info] i  If you want to create a project in a Google Cloud organization or folder, please use "firebase projects:create" instead, and return to this command when you've created the project. 
[debug] [2025-06-24T10:06:10.879Z] Checked if tokens are valid: true, expires at: 1750762917565
[debug] [2025-06-24T10:06:10.879Z] Checked if tokens are valid: true, expires at: 1750762917565
[debug] [2025-06-24T10:06:10.881Z] >>> [apiv2][query] POST https://cloudresourcemanager.googleapis.com/v1/projects [none]
[debug] [2025-06-24T10:06:10.881Z] >>> [apiv2][body] POST https://cloudresourcemanager.googleapis.com/v1/projects {"projectId":"123456789","name":"role-based-chatbot"}
[debug] [2025-06-24T10:06:13.033Z] <<< [apiv2][status] POST https://cloudresourcemanager.googleapis.com/v1/projects 400
[debug] [2025-06-24T10:06:13.034Z] <<< [apiv2][body] POST https://cloudresourcemanager.googleapis.com/v1/projects {"error":{"code":400,"message":"field [project_id] has issue [project_id contains invalid characters]","status":"INVALID_ARGUMENT","details":[{"@type":"type.googleapis.com/google.rpc.BadRequest","fieldViolations":[{"field":"project_id","description":"project_id contains invalid characters"}]},{"@type":"type.googleapis.com/google.rpc.Help","links":[{"url":"https://cloud.google.com/resource-manager/reference/rest/v1/projects"}]}]}}
[debug] [2025-06-24T10:06:13.634Z] FirebaseError: Request to https://cloudresourcemanager.googleapis.com/v1/projects had HTTP Error: 400, field [project_id] has issue [project_id contains invalid characters]
    at responseToError (C:\Users\DOWNLOAD\AppData\Roaming\npm\node_modules\firebase-tools\lib\responseToError.js:52:12)
    at RetryOperation._fn (C:\Users\DOWNLOAD\AppData\Roaming\npm\node_modules\firebase-tools\lib\apiv2.js:312:77)
    at process.processTicksAndRejections (node:internal/process/task_queues:105:5)
[error] 
[error] Error: Failed to create project. See firebase-debug.log for more info.
